2015-11-03 23:08:56,610 /Users/armanabrahamyan/Library/Enthought/Canopy_64bit/User/lib/python2.7/site-packages/psiturk/psiturk_js/psiturk.js
[2015-11-03 23:08:56 -0800] [7540] [ERROR] Exception in worker process:
Traceback (most recent call last):
  File "/Users/armanabrahamyan/Library/Enthought/Canopy_64bit/User/lib/python2.7/site-packages/gunicorn/arbiter.py", line 507, in spawn_worker
    worker.init_process()
  File "/Users/armanabrahamyan/Library/Enthought/Canopy_64bit/User/lib/python2.7/site-packages/gunicorn/workers/base.py", line 118, in init_process
    self.wsgi = self.app.wsgi()
  File "/Users/armanabrahamyan/Library/Enthought/Canopy_64bit/User/lib/python2.7/site-packages/gunicorn/app/base.py", line 67, in wsgi
    self.callable = self.load()
  File "/Users/armanabrahamyan/Library/Enthought/Canopy_64bit/User/lib/python2.7/site-packages/psiturk/experiment_server.py", line 49, in load
    return util.import_app("psiturk.experiment:app")
  File "/Users/armanabrahamyan/Library/Enthought/Canopy_64bit/User/lib/python2.7/site-packages/gunicorn/util.py", line 355, in import_app
    __import__(module)
  File "/Users/armanabrahamyan/Library/Enthought/Canopy_64bit/User/lib/python2.7/site-packages/psiturk/experiment.py", line 85, in <module>
    init_db()
  File "/Users/armanabrahamyan/Library/Enthought/Canopy_64bit/User/lib/python2.7/site-packages/psiturk/db.py", line 23, in init_db
    Base.metadata.create_all(bind=engine)
  File "/Users/armanabrahamyan/Library/Enthought/Canopy_64bit/User/lib/python2.7/site-packages/sqlalchemy/sql/schema.py", line 3622, in create_all
    tables=tables)
  File "/Users/armanabrahamyan/Library/Enthought/Canopy_64bit/User/lib/python2.7/site-packages/sqlalchemy/engine/base.py", line 1854, in _run_visitor
    conn._run_visitor(visitorcallable, element, **kwargs)
  File "/Users/armanabrahamyan/Library/Enthought/Canopy_64bit/User/lib/python2.7/site-packages/sqlalchemy/engine/base.py", line 1481, in _run_visitor
    **kwargs).traverse_single(element)
  File "/Users/armanabrahamyan/Library/Enthought/Canopy_64bit/User/lib/python2.7/site-packages/sqlalchemy/sql/visitors.py", line 121, in traverse_single
    return meth(obj, **kw)
  File "/Users/armanabrahamyan/Library/Enthought/Canopy_64bit/User/lib/python2.7/site-packages/sqlalchemy/sql/ddl.py", line 730, in visit_metadata
    _is_metadata_operation=True)
  File "/Users/armanabrahamyan/Library/Enthought/Canopy_64bit/User/lib/python2.7/site-packages/sqlalchemy/sql/visitors.py", line 121, in traverse_single
    return meth(obj, **kw)
  File "/Users/armanabrahamyan/Library/Enthought/Canopy_64bit/User/lib/python2.7/site-packages/sqlalchemy/sql/ddl.py", line 764, in visit_table
    include_foreign_key_constraints=include_foreign_key_constraints
  File "/Users/armanabrahamyan/Library/Enthought/Canopy_64bit/User/lib/python2.7/site-packages/sqlalchemy/engine/base.py", line 914, in execute
    return meth(self, multiparams, params)
  File "/Users/armanabrahamyan/Library/Enthought/Canopy_64bit/User/lib/python2.7/site-packages/sqlalchemy/sql/ddl.py", line 68, in _execute_on_connection
    return connection._execute_ddl(self, multiparams, params)
  File "/Users/armanabrahamyan/Library/Enthought/Canopy_64bit/User/lib/python2.7/site-packages/sqlalchemy/engine/base.py", line 968, in _execute_ddl
    compiled
  File "/Users/armanabrahamyan/Library/Enthought/Canopy_64bit/User/lib/python2.7/site-packages/sqlalchemy/engine/base.py", line 1146, in _execute_context
    context)
  File "/Users/armanabrahamyan/Library/Enthought/Canopy_64bit/User/lib/python2.7/site-packages/sqlalchemy/engine/base.py", line 1341, in _handle_dbapi_exception
    exc_info
  File "/Users/armanabrahamyan/Library/Enthought/Canopy_64bit/User/lib/python2.7/site-packages/sqlalchemy/util/compat.py", line 199, in raise_from_cause
    reraise(type(exception), exception, tb=exc_tb)
  File "/Users/armanabrahamyan/Library/Enthought/Canopy_64bit/User/lib/python2.7/site-packages/sqlalchemy/engine/base.py", line 1139, in _execute_context
    context)
  File "/Users/armanabrahamyan/Library/Enthought/Canopy_64bit/User/lib/python2.7/site-packages/sqlalchemy/engine/default.py", line 450, in do_execute
    cursor.execute(statement, parameters)
OperationalError: (sqlite3.OperationalError) table venus_mturk already exists [SQL: u'\nCREATE TABLE venus_mturk (\n\tuniqueid VARCHAR(128) NOT NULL, \n\tassignmentid VARCHAR(128) NOT NULL, \n\tworkerid VARCHAR(128) NOT NULL, \n\thitid VARCHAR(128) NOT NULL, \n\tipaddress VARCHAR(128), \n\tbrowser VARCHAR(128), \n\tplatform VARCHAR(128), \n\tlanguage VARCHAR(128), \n\tcond INTEGER, \n\tcounterbalance INTEGER, \n\tcodeversion VARCHAR(128), \n\tbeginhit DATETIME, \n\tbeginexp DATETIME, \n\tendhit DATETIME, \n\tbonus FLOAT, \n\tstatus INTEGER, \n\tdatastring TEXT(4294967295), \n\tPRIMARY KEY (uniqueid)\n)\n\n']
Traceback (most recent call last):
  File "/Users/armanabrahamyan/Library/Enthought/Canopy_64bit/User/lib/python2.7/site-packages/gunicorn/arbiter.py", line 507, in spawn_worker
    worker.init_process()
  File "/Users/armanabrahamyan/Library/Enthought/Canopy_64bit/User/lib/python2.7/site-packages/gunicorn/workers/base.py", line 118, in init_process
    self.wsgi = self.app.wsgi()
  File "/Users/armanabrahamyan/Library/Enthought/Canopy_64bit/User/lib/python2.7/site-packages/gunicorn/app/base.py", line 67, in wsgi
    self.callable = self.load()
  File "/Users/armanabrahamyan/Library/Enthought/Canopy_64bit/User/lib/python2.7/site-packages/psiturk/experiment_server.py", line 49, in load
    return util.import_app("psiturk.experiment:app")
  File "/Users/armanabrahamyan/Library/Enthought/Canopy_64bit/User/lib/python2.7/site-packages/gunicorn/util.py", line 355, in import_app
    __import__(module)
  File "/Users/armanabrahamyan/Library/Enthought/Canopy_64bit/User/lib/python2.7/site-packages/psiturk/experiment.py", line 85, in <module>
    init_db()
  File "/Users/armanabrahamyan/Library/Enthought/Canopy_64bit/User/lib/python2.7/site-packages/psiturk/db.py", line 23, in init_db
    Base.metadata.create_all(bind=engine)
  File "/Users/armanabrahamyan/Library/Enthought/Canopy_64bit/User/lib/python2.7/site-packages/sqlalchemy/sql/schema.py", line 3622, in create_all
    tables=tables)
  File "/Users/armanabrahamyan/Library/Enthought/Canopy_64bit/User/lib/python2.7/site-packages/sqlalchemy/engine/base.py", line 1854, in _run_visitor
    conn._run_visitor(visitorcallable, element, **kwargs)
  File "/Users/armanabrahamyan/Library/Enthought/Canopy_64bit/User/lib/python2.7/site-packages/sqlalchemy/engine/base.py", line 1481, in _run_visitor
    **kwargs).traverse_single(element)
  File "/Users/armanabrahamyan/Library/Enthought/Canopy_64bit/User/lib/python2.7/site-packages/sqlalchemy/sql/visitors.py", line 121, in traverse_single
    return meth(obj, **kw)
  File "/Users/armanabrahamyan/Library/Enthought/Canopy_64bit/User/lib/python2.7/site-packages/sqlalchemy/sql/ddl.py", line 730, in visit_metadata
    _is_metadata_operation=True)
  File "/Users/armanabrahamyan/Library/Enthought/Canopy_64bit/User/lib/python2.7/site-packages/sqlalchemy/sql/visitors.py", line 121, in traverse_single
    return meth(obj, **kw)
  File "/Users/armanabrahamyan/Library/Enthought/Canopy_64bit/User/lib/python2.7/site-packages/sqlalchemy/sql/ddl.py", line 764, in visit_table
    include_foreign_key_constraints=include_foreign_key_constraints
  File "/Users/armanabrahamyan/Library/Enthought/Canopy_64bit/User/lib/python2.7/site-packages/sqlalchemy/engine/base.py", line 914, in execute
    return meth(self, multiparams, params)
  File "/Users/armanabrahamyan/Library/Enthought/Canopy_64bit/User/lib/python2.7/site-packages/sqlalchemy/sql/ddl.py", line 68, in _execute_on_connection
    return connection._execute_ddl(self, multiparams, params)
  File "/Users/armanabrahamyan/Library/Enthought/Canopy_64bit/User/lib/python2.7/site-packages/sqlalchemy/engine/base.py", line 968, in _execute_ddl
    compiled
  File "/Users/armanabrahamyan/Library/Enthought/Canopy_64bit/User/lib/python2.7/site-packages/sqlalchemy/engine/base.py", line 1146, in _execute_context
    context)
  File "/Users/armanabrahamyan/Library/Enthought/Canopy_64bit/User/lib/python2.7/site-packages/sqlalchemy/engine/base.py", line 1341, in _handle_dbapi_exception
    exc_info
  File "/Users/armanabrahamyan/Library/Enthought/Canopy_64bit/User/lib/python2.7/site-packages/sqlalchemy/util/compat.py", line 199, in raise_from_cause
    reraise(type(exception), exception, tb=exc_tb)
  File "/Users/armanabrahamyan/Library/Enthought/Canopy_64bit/User/lib/python2.7/site-packages/sqlalchemy/engine/base.py", line 1139, in _execute_context
    context)
  File "/Users/armanabrahamyan/Library/Enthought/Canopy_64bit/User/lib/python2.7/site-packages/sqlalchemy/engine/default.py", line 450, in do_execute
    cursor.execute(statement, parameters)
OperationalError: (sqlite3.OperationalError) table venus_mturk already exists [SQL: u'\nCREATE TABLE venus_mturk (\n\tuniqueid VARCHAR(128) NOT NULL, \n\tassignmentid VARCHAR(128) NOT NULL, \n\tworkerid VARCHAR(128) NOT NULL, \n\thitid VARCHAR(128) NOT NULL, \n\tipaddress VARCHAR(128), \n\tbrowser VARCHAR(128), \n\tplatform VARCHAR(128), \n\tlanguage VARCHAR(128), \n\tcond INTEGER, \n\tcounterbalance INTEGER, \n\tcodeversion VARCHAR(128), \n\tbeginhit DATETIME, \n\tbeginexp DATETIME, \n\tendhit DATETIME, \n\tbonus FLOAT, \n\tstatus INTEGER, \n\tdatastring TEXT(4294967295), \n\tPRIMARY KEY (uniqueid)\n)\n\n']
2015-11-03 23:08:56,719 /Users/armanabrahamyan/Library/Enthought/Canopy_64bit/User/lib/python2.7/site-packages/psiturk/psiturk_js/psiturk.js
2015-11-03 23:09:03,367 /Users/armanabrahamyan/Library/Enthought/Canopy_64bit/User/lib/python2.7/site-packages/psiturk/psiturk_js/psiturk.js
2015-11-03 23:09:03,438 /Users/armanabrahamyan/Library/Enthought/Canopy_64bit/User/lib/python2.7/site-packages/psiturk/psiturk_js/psiturk.js
2015-11-03 23:09:03,517 /Users/armanabrahamyan/Library/Enthought/Canopy_64bit/User/lib/python2.7/site-packages/psiturk/psiturk_js/psiturk.js
[2015-11-04 02:00:00 -0800] [7554] [CRITICAL] WORKER TIMEOUT (pid:7557)
[2015-11-04 02:00:00 -0800] [7554] [CRITICAL] WORKER TIMEOUT (pid:7558)
[2015-11-04 02:00:00 -0800] [7554] [CRITICAL] WORKER TIMEOUT (pid:7559)
2015-11-04 02:00:02,142 /Users/armanabrahamyan/Library/Enthought/Canopy_64bit/User/lib/python2.7/site-packages/psiturk/psiturk_js/psiturk.js
2015-11-04 02:00:02,142 /Users/armanabrahamyan/Library/Enthought/Canopy_64bit/User/lib/python2.7/site-packages/psiturk/psiturk_js/psiturk.js
2015-11-04 02:00:02,146 /Users/armanabrahamyan/Library/Enthought/Canopy_64bit/User/lib/python2.7/site-packages/psiturk/psiturk_js/psiturk.js
[2015-11-04 03:00:46 -0800] [7554] [CRITICAL] WORKER TIMEOUT (pid:9154)
[2015-11-04 03:00:46 -0800] [7554] [CRITICAL] WORKER TIMEOUT (pid:9156)
[2015-11-04 03:00:46 -0800] [7554] [CRITICAL] WORKER TIMEOUT (pid:9157)
2015-11-04 03:00:47,545 /Users/armanabrahamyan/Library/Enthought/Canopy_64bit/User/lib/python2.7/site-packages/psiturk/psiturk_js/psiturk.js
2015-11-04 03:00:47,571 /Users/armanabrahamyan/Library/Enthought/Canopy_64bit/User/lib/python2.7/site-packages/psiturk/psiturk_js/psiturk.js
2015-11-04 03:00:47,678 /Users/armanabrahamyan/Library/Enthought/Canopy_64bit/User/lib/python2.7/site-packages/psiturk/psiturk_js/psiturk.js
[2015-11-04 04:35:27 -0800] [7554] [CRITICAL] WORKER TIMEOUT (pid:9178)
[2015-11-04 04:35:27 -0800] [7554] [CRITICAL] WORKER TIMEOUT (pid:9179)
[2015-11-04 04:35:27 -0800] [7554] [CRITICAL] WORKER TIMEOUT (pid:9180)
2015-11-04 04:35:28,842 /Users/armanabrahamyan/Library/Enthought/Canopy_64bit/User/lib/python2.7/site-packages/psiturk/psiturk_js/psiturk.js
2015-11-04 04:35:28,844 /Users/armanabrahamyan/Library/Enthought/Canopy_64bit/User/lib/python2.7/site-packages/psiturk/psiturk_js/psiturk.js
2015-11-04 04:35:28,870 /Users/armanabrahamyan/Library/Enthought/Canopy_64bit/User/lib/python2.7/site-packages/psiturk/psiturk_js/psiturk.js
[2015-11-04 09:06:13 -0800] [7554] [CRITICAL] WORKER TIMEOUT (pid:9288)
[2015-11-04 09:06:13 -0800] [7554] [CRITICAL] WORKER TIMEOUT (pid:9290)
[2015-11-04 09:06:13 -0800] [7554] [CRITICAL] WORKER TIMEOUT (pid:9291)
2015-11-04 09:06:14,807 /Users/armanabrahamyan/Library/Enthought/Canopy_64bit/User/lib/python2.7/site-packages/psiturk/psiturk_js/psiturk.js
2015-11-04 09:06:14,820 /Users/armanabrahamyan/Library/Enthought/Canopy_64bit/User/lib/python2.7/site-packages/psiturk/psiturk_js/psiturk.js
2015-11-04 09:06:14,825 /Users/armanabrahamyan/Library/Enthought/Canopy_64bit/User/lib/python2.7/site-packages/psiturk/psiturk_js/psiturk.js
[2015-11-04 10:36:58 -0800] [7554] [CRITICAL] WORKER TIMEOUT (pid:9317)
[2015-11-04 10:36:58 -0800] [7554] [CRITICAL] WORKER TIMEOUT (pid:9318)
[2015-11-04 10:36:58 -0800] [7554] [CRITICAL] WORKER TIMEOUT (pid:9319)
2015-11-04 10:37:00,133 /Users/armanabrahamyan/Library/Enthought/Canopy_64bit/User/lib/python2.7/site-packages/psiturk/psiturk_js/psiturk.js
2015-11-04 10:37:00,133 /Users/armanabrahamyan/Library/Enthought/Canopy_64bit/User/lib/python2.7/site-packages/psiturk/psiturk_js/psiturk.js
2015-11-04 10:37:00,138 /Users/armanabrahamyan/Library/Enthought/Canopy_64bit/User/lib/python2.7/site-packages/psiturk/psiturk_js/psiturk.js
[2015-11-04 11:32:30 -0800] [7554] [CRITICAL] WORKER TIMEOUT (pid:9338)
[2015-11-04 11:32:30 -0800] [7554] [CRITICAL] WORKER TIMEOUT (pid:9339)
[2015-11-04 11:32:30 -0800] [7554] [CRITICAL] WORKER TIMEOUT (pid:9340)
2015-11-04 11:32:35,678 /Users/armanabrahamyan/Library/Enthought/Canopy_64bit/User/lib/python2.7/site-packages/psiturk/psiturk_js/psiturk.js
2015-11-04 11:32:35,725 /Users/armanabrahamyan/Library/Enthought/Canopy_64bit/User/lib/python2.7/site-packages/psiturk/psiturk_js/psiturk.js
2015-11-04 11:32:35,805 /Users/armanabrahamyan/Library/Enthought/Canopy_64bit/User/lib/python2.7/site-packages/psiturk/psiturk_js/psiturk.js
[2015-11-04 11:59:38 -0800] [7554] [CRITICAL] WORKER TIMEOUT (pid:9360)
[2015-11-04 11:59:38 -0800] [7554] [CRITICAL] WORKER TIMEOUT (pid:9361)
[2015-11-04 11:59:38 -0800] [7554] [CRITICAL] WORKER TIMEOUT (pid:9359)
2015-11-04 11:59:42,237 /Users/armanabrahamyan/Library/Enthought/Canopy_64bit/User/lib/python2.7/site-packages/psiturk/psiturk_js/psiturk.js
2015-11-04 11:59:42,237 /Users/armanabrahamyan/Library/Enthought/Canopy_64bit/User/lib/python2.7/site-packages/psiturk/psiturk_js/psiturk.js
2015-11-04 11:59:42,264 /Users/armanabrahamyan/Library/Enthought/Canopy_64bit/User/lib/python2.7/site-packages/psiturk/psiturk_js/psiturk.js
[2015-11-04 13:05:24 -0800] [7554] [CRITICAL] WORKER TIMEOUT (pid:9665)
[2015-11-04 13:05:24 -0800] [7554] [CRITICAL] WORKER TIMEOUT (pid:9666)
[2015-11-04 13:05:24 -0800] [7554] [CRITICAL] WORKER TIMEOUT (pid:9668)
2015-11-04 13:05:26,446 /Users/armanabrahamyan/Library/Enthought/Canopy_64bit/User/lib/python2.7/site-packages/psiturk/psiturk_js/psiturk.js
2015-11-04 13:05:26,446 /Users/armanabrahamyan/Library/Enthought/Canopy_64bit/User/lib/python2.7/site-packages/psiturk/psiturk_js/psiturk.js
2015-11-04 13:05:26,448 /Users/armanabrahamyan/Library/Enthought/Canopy_64bit/User/lib/python2.7/site-packages/psiturk/psiturk_js/psiturk.js
[2015-11-04 17:29:14 -0800] [7554] [CRITICAL] WORKER TIMEOUT (pid:10261)
[2015-11-04 17:29:14 -0800] [7554] [CRITICAL] WORKER TIMEOUT (pid:10262)
[2015-11-04 17:29:14 -0800] [7554] [CRITICAL] WORKER TIMEOUT (pid:10260)
[2015-11-04 19:07:15 -0800] [7554] [CRITICAL] WORKER TIMEOUT (pid:12002)
[2015-11-04 19:07:15 -0800] [7554] [CRITICAL] WORKER TIMEOUT (pid:12003)
[2015-11-04 19:07:15 -0800] [7554] [CRITICAL] WORKER TIMEOUT (pid:12004)
2015-11-04 19:07:22,508 /Users/armanabrahamyan/Library/Enthought/Canopy_64bit/User/lib/python2.7/site-packages/psiturk/psiturk_js/psiturk.js
2015-11-04 19:07:22,600 /Users/armanabrahamyan/Library/Enthought/Canopy_64bit/User/lib/python2.7/site-packages/psiturk/psiturk_js/psiturk.js
2015-11-04 19:07:22,602 /Users/armanabrahamyan/Library/Enthought/Canopy_64bit/User/lib/python2.7/site-packages/psiturk/psiturk_js/psiturk.js
[2015-11-04 21:46:02 -0800] [7554] [CRITICAL] WORKER TIMEOUT (pid:12011)
[2015-11-04 21:46:02 -0800] [7554] [CRITICAL] WORKER TIMEOUT (pid:12012)
[2015-11-04 21:46:02 -0800] [7554] [CRITICAL] WORKER TIMEOUT (pid:12013)
[2015-11-04 21:47:29 -0800] [7554] [CRITICAL] WORKER TIMEOUT (pid:12806)
[2015-11-04 22:01:05 -0800] [7554] [CRITICAL] WORKER TIMEOUT (pid:12807)
[2015-11-04 22:01:06 -0800] [7554] [CRITICAL] WORKER TIMEOUT (pid:12808)
[2015-11-04 22:01:06 -0800] [7554] [CRITICAL] WORKER TIMEOUT (pid:12809)
2015-11-04 22:01:11,177 /Users/armanabrahamyan/Library/Enthought/Canopy_64bit/User/lib/python2.7/site-packages/psiturk/psiturk_js/psiturk.js
2015-11-04 22:01:11,204 /Users/armanabrahamyan/Library/Enthought/Canopy_64bit/User/lib/python2.7/site-packages/psiturk/psiturk_js/psiturk.js
2015-11-04 22:01:11,349 /Users/armanabrahamyan/Library/Enthought/Canopy_64bit/User/lib/python2.7/site-packages/psiturk/psiturk_js/psiturk.js
[2015-11-05 00:24:00 -0800] [7554] [CRITICAL] WORKER TIMEOUT (pid:12818)
[2015-11-05 00:24:00 -0800] [7554] [CRITICAL] WORKER TIMEOUT (pid:12819)
[2015-11-05 00:24:00 -0800] [7554] [CRITICAL] WORKER TIMEOUT (pid:12813)
2015-11-05 00:24:02,192 /Users/armanabrahamyan/Library/Enthought/Canopy_64bit/User/lib/python2.7/site-packages/psiturk/psiturk_js/psiturk.js
2015-11-05 00:24:02,192 /Users/armanabrahamyan/Library/Enthought/Canopy_64bit/User/lib/python2.7/site-packages/psiturk/psiturk_js/psiturk.js
2015-11-05 00:24:02,211 /Users/armanabrahamyan/Library/Enthought/Canopy_64bit/User/lib/python2.7/site-packages/psiturk/psiturk_js/psiturk.js
[2015-11-05 01:28:58 -0800] [7554] [CRITICAL] WORKER TIMEOUT (pid:13666)
[2015-11-05 01:28:58 -0800] [7554] [CRITICAL] WORKER TIMEOUT (pid:13667)
[2015-11-05 01:28:58 -0800] [7554] [CRITICAL] WORKER TIMEOUT (pid:13663)
2015-11-05 01:29:00,057 /Users/armanabrahamyan/Library/Enthought/Canopy_64bit/User/lib/python2.7/site-packages/psiturk/psiturk_js/psiturk.js
2015-11-05 01:29:00,058 /Users/armanabrahamyan/Library/Enthought/Canopy_64bit/User/lib/python2.7/site-packages/psiturk/psiturk_js/psiturk.js
2015-11-05 01:29:00,061 /Users/armanabrahamyan/Library/Enthought/Canopy_64bit/User/lib/python2.7/site-packages/psiturk/psiturk_js/psiturk.js
[2015-11-05 02:00:00 -0800] [7554] [CRITICAL] WORKER TIMEOUT (pid:13760)
[2015-11-05 02:00:00 -0800] [7554] [CRITICAL] WORKER TIMEOUT (pid:13758)
[2015-11-05 02:00:00 -0800] [7554] [CRITICAL] WORKER TIMEOUT (pid:13759)
2015-11-05 02:00:01,797 /Users/armanabrahamyan/Library/Enthought/Canopy_64bit/User/lib/python2.7/site-packages/psiturk/psiturk_js/psiturk.js
2015-11-05 02:00:01,801 /Users/armanabrahamyan/Library/Enthought/Canopy_64bit/User/lib/python2.7/site-packages/psiturk/psiturk_js/psiturk.js
2015-11-05 02:00:01,810 /Users/armanabrahamyan/Library/Enthought/Canopy_64bit/User/lib/python2.7/site-packages/psiturk/psiturk_js/psiturk.js
[2015-11-05 09:15:45 -0800] [7554] [CRITICAL] WORKER TIMEOUT (pid:13792)
[2015-11-05 09:15:45 -0800] [7554] [CRITICAL] WORKER TIMEOUT (pid:13790)
[2015-11-05 09:15:45 -0800] [7554] [CRITICAL] WORKER TIMEOUT (pid:13791)
2015-11-05 09:15:46,733 /Users/armanabrahamyan/Library/Enthought/Canopy_64bit/User/lib/python2.7/site-packages/psiturk/psiturk_js/psiturk.js
2015-11-05 09:15:46,740 /Users/armanabrahamyan/Library/Enthought/Canopy_64bit/User/lib/python2.7/site-packages/psiturk/psiturk_js/psiturk.js
2015-11-05 09:15:46,960 /Users/armanabrahamyan/Library/Enthought/Canopy_64bit/User/lib/python2.7/site-packages/psiturk/psiturk_js/psiturk.js
[2015-11-05 10:16:30 -0800] [7554] [CRITICAL] WORKER TIMEOUT (pid:13813)
[2015-11-05 10:16:30 -0800] [7554] [CRITICAL] WORKER TIMEOUT (pid:13814)
[2015-11-05 10:16:30 -0800] [7554] [CRITICAL] WORKER TIMEOUT (pid:13815)
2015-11-05 10:16:32,874 /Users/armanabrahamyan/Library/Enthought/Canopy_64bit/User/lib/python2.7/site-packages/psiturk/psiturk_js/psiturk.js
2015-11-05 10:16:32,875 /Users/armanabrahamyan/Library/Enthought/Canopy_64bit/User/lib/python2.7/site-packages/psiturk/psiturk_js/psiturk.js
2015-11-05 10:16:32,897 /Users/armanabrahamyan/Library/Enthought/Canopy_64bit/User/lib/python2.7/site-packages/psiturk/psiturk_js/psiturk.js
[2015-11-05 10:32:40 -0800] [7554] [CRITICAL] WORKER TIMEOUT (pid:13853)
[2015-11-05 10:32:40 -0800] [7554] [CRITICAL] WORKER TIMEOUT (pid:13854)
[2015-11-05 10:32:40 -0800] [7554] [CRITICAL] WORKER TIMEOUT (pid:13855)
2015-11-05 10:32:41,600 /Users/armanabrahamyan/Library/Enthought/Canopy_64bit/User/lib/python2.7/site-packages/psiturk/psiturk_js/psiturk.js
2015-11-05 10:32:41,615 /Users/armanabrahamyan/Library/Enthought/Canopy_64bit/User/lib/python2.7/site-packages/psiturk/psiturk_js/psiturk.js
2015-11-05 10:32:41,631 /Users/armanabrahamyan/Library/Enthought/Canopy_64bit/User/lib/python2.7/site-packages/psiturk/psiturk_js/psiturk.js
[2015-11-05 11:16:47 -0800] [7554] [CRITICAL] WORKER TIMEOUT (pid:13866)
[2015-11-05 11:16:47 -0800] [7554] [CRITICAL] WORKER TIMEOUT (pid:13867)
[2015-11-05 11:16:47 -0800] [7554] [CRITICAL] WORKER TIMEOUT (pid:13868)
2015-11-05 11:16:48,964 /Users/armanabrahamyan/Library/Enthought/Canopy_64bit/User/lib/python2.7/site-packages/psiturk/psiturk_js/psiturk.js
2015-11-05 11:16:48,968 /Users/armanabrahamyan/Library/Enthought/Canopy_64bit/User/lib/python2.7/site-packages/psiturk/psiturk_js/psiturk.js
2015-11-05 11:16:48,972 /Users/armanabrahamyan/Library/Enthought/Canopy_64bit/User/lib/python2.7/site-packages/psiturk/psiturk_js/psiturk.js
2015-11-05 15:16:09,132 /Users/arman/Library/Enthought/Canopy_64bit/User/lib/python2.7/site-packages/psiturk/psiturk_js/psiturk.js
2015-11-05 15:16:09,132 /Users/arman/Library/Enthought/Canopy_64bit/User/lib/python2.7/site-packages/psiturk/psiturk_js/psiturk.js
2015-11-05 15:16:09,194 /Users/arman/Library/Enthought/Canopy_64bit/User/lib/python2.7/site-packages/psiturk/psiturk_js/psiturk.js
2015-11-05 16:46:03,619 Exception on /blank.html [GET]
Traceback (most recent call last):
  File "/Users/arman/Library/Enthought/Canopy_64bit/User/lib/python2.7/site-packages/flask/app.py", line 1817, in wsgi_app
    response = self.full_dispatch_request()
  File "/Users/arman/Library/Enthought/Canopy_64bit/User/lib/python2.7/site-packages/flask/app.py", line 1477, in full_dispatch_request
    rv = self.handle_user_exception(e)
  File "/Users/arman/Library/Enthought/Canopy_64bit/User/lib/python2.7/site-packages/flask/app.py", line 1381, in handle_user_exception
    reraise(exc_type, exc_value, tb)
  File "/Users/arman/Library/Enthought/Canopy_64bit/User/lib/python2.7/site-packages/flask/app.py", line 1475, in full_dispatch_request
    rv = self.dispatch_request()
  File "/Users/arman/Library/Enthought/Canopy_64bit/User/lib/python2.7/site-packages/flask/app.py", line 1461, in dispatch_request
    return self.view_functions[rule.endpoint](**req.view_args)
  File "/Users/arman/Library/Enthought/Canopy_64bit/User/lib/python2.7/site-packages/psiturk/experiment.py", line 665, in regularpage
    return render_template(pagename)
  File "/Users/arman/Library/Enthought/Canopy_64bit/User/lib/python2.7/site-packages/flask/templating.py", line 127, in render_template
    return _render(ctx.app.jinja_env.get_or_select_template(template_name_or_list),
  File "/Users/arman/Library/Enthought/Canopy_64bit/User/lib/python2.7/site-packages/jinja2/environment.py", line 830, in get_or_select_template
    return self.get_template(template_name_or_list, parent, globals)
  File "/Users/arman/Library/Enthought/Canopy_64bit/User/lib/python2.7/site-packages/jinja2/environment.py", line 791, in get_template
    return self._load_template(name, self.make_globals(globals))
  File "/Users/arman/Library/Enthought/Canopy_64bit/User/lib/python2.7/site-packages/jinja2/environment.py", line 765, in _load_template
    template = self.loader.load(self, name, globals)
  File "/Users/arman/Library/Enthought/Canopy_64bit/User/lib/python2.7/site-packages/jinja2/loaders.py", line 113, in load
    source, filename, uptodate = self.get_source(environment, name)
  File "/Users/arman/Library/Enthought/Canopy_64bit/User/lib/python2.7/site-packages/flask/templating.py", line 64, in get_source
    raise TemplateNotFound(template)
TemplateNotFound: blank.html
[2015-11-05 19:51:18 -0800] [70863] [CRITICAL] WORKER TIMEOUT (pid:70866)
[2015-11-05 19:51:18 -0800] [70863] [CRITICAL] WORKER TIMEOUT (pid:70867)
[2015-11-05 19:51:18 -0800] [70863] [CRITICAL] WORKER TIMEOUT (pid:70868)
[2015-11-05 21:40:46 -0800] [70863] [CRITICAL] WORKER TIMEOUT (pid:71296)
[2015-11-05 21:40:46 -0800] [70863] [CRITICAL] WORKER TIMEOUT (pid:71297)
[2015-11-05 21:40:46 -0800] [70863] [CRITICAL] WORKER TIMEOUT (pid:71293)
[2015-11-05 21:41:16 -0800] [70863] [CRITICAL] WORKER TIMEOUT (pid:71306)
[2015-11-05 21:41:16 -0800] [70863] [CRITICAL] WORKER TIMEOUT (pid:71307)
[2015-11-05 21:41:16 -0800] [70863] [CRITICAL] WORKER TIMEOUT (pid:71308)
[2015-11-05 23:30:14 -0800] [70863] [CRITICAL] WORKER TIMEOUT (pid:71312)
[2015-11-05 23:30:14 -0800] [70863] [CRITICAL] WORKER TIMEOUT (pid:71313)
[2015-11-05 23:30:14 -0800] [70863] [CRITICAL] WORKER TIMEOUT (pid:71310)
[2015-11-06 01:19:42 -0800] [70863] [CRITICAL] WORKER TIMEOUT (pid:71318)
[2015-11-06 01:19:42 -0800] [70863] [CRITICAL] WORKER TIMEOUT (pid:71319)
[2015-11-06 01:19:42 -0800] [70863] [CRITICAL] WORKER TIMEOUT (pid:71320)
[2015-11-06 02:00:02 -0800] [70863] [CRITICAL] WORKER TIMEOUT (pid:71328)
[2015-11-06 02:00:02 -0800] [70863] [CRITICAL] WORKER TIMEOUT (pid:71329)
[2015-11-06 02:00:02 -0800] [70863] [CRITICAL] WORKER TIMEOUT (pid:71330)
[2015-11-06 02:02:31 -0800] [70863] [CRITICAL] WORKER TIMEOUT (pid:71344)
[2015-11-06 02:02:31 -0800] [70863] [CRITICAL] WORKER TIMEOUT (pid:71345)
[2015-11-06 02:02:31 -0800] [70863] [CRITICAL] WORKER TIMEOUT (pid:71346)
[2015-11-06 02:05:02 -0800] [70863] [CRITICAL] WORKER TIMEOUT (pid:71354)
[2015-11-06 02:05:02 -0800] [70863] [CRITICAL] WORKER TIMEOUT (pid:71355)
[2015-11-06 02:05:02 -0800] [70863] [CRITICAL] WORKER TIMEOUT (pid:71356)
[2015-11-06 02:13:14 -0800] [70863] [CRITICAL] WORKER TIMEOUT (pid:71360)
[2015-11-06 02:13:14 -0800] [70863] [CRITICAL] WORKER TIMEOUT (pid:71361)
[2015-11-06 02:13:14 -0800] [70863] [CRITICAL] WORKER TIMEOUT (pid:71362)
[2015-11-06 02:15:45 -0800] [70863] [CRITICAL] WORKER TIMEOUT (pid:71379)
[2015-11-06 02:15:45 -0800] [70863] [CRITICAL] WORKER TIMEOUT (pid:71380)
[2015-11-06 02:15:45 -0800] [70863] [CRITICAL] WORKER TIMEOUT (pid:71381)
[2015-11-06 02:18:13 -0800] [70863] [CRITICAL] WORKER TIMEOUT (pid:71389)
[2015-11-06 02:18:13 -0800] [70863] [CRITICAL] WORKER TIMEOUT (pid:71390)
[2015-11-06 02:18:13 -0800] [70863] [CRITICAL] WORKER TIMEOUT (pid:71391)
[2015-11-06 02:20:43 -0800] [70863] [CRITICAL] WORKER TIMEOUT (pid:71401)
[2015-11-06 02:20:43 -0800] [70863] [CRITICAL] WORKER TIMEOUT (pid:71402)
[2015-11-06 02:20:43 -0800] [70863] [CRITICAL] WORKER TIMEOUT (pid:71403)
[2015-11-06 02:23:11 -0800] [70863] [CRITICAL] WORKER TIMEOUT (pid:71412)
[2015-11-06 02:23:11 -0800] [70863] [CRITICAL] WORKER TIMEOUT (pid:71413)
[2015-11-06 02:23:11 -0800] [70863] [CRITICAL] WORKER TIMEOUT (pid:71414)
[2015-11-06 02:25:42 -0800] [70863] [CRITICAL] WORKER TIMEOUT (pid:71424)
[2015-11-06 02:25:42 -0800] [70863] [CRITICAL] WORKER TIMEOUT (pid:71422)
[2015-11-06 02:25:42 -0800] [70863] [CRITICAL] WORKER TIMEOUT (pid:71423)
[2015-11-06 02:28:11 -0800] [70863] [CRITICAL] WORKER TIMEOUT (pid:71434)
[2015-11-06 02:28:11 -0800] [70863] [CRITICAL] WORKER TIMEOUT (pid:71435)
[2015-11-06 02:28:11 -0800] [70863] [CRITICAL] WORKER TIMEOUT (pid:71436)
[2015-11-06 02:30:40 -0800] [70863] [CRITICAL] WORKER TIMEOUT (pid:71442)
[2015-11-06 02:30:40 -0800] [70863] [CRITICAL] WORKER TIMEOUT (pid:71443)
[2015-11-06 02:30:40 -0800] [70863] [CRITICAL] WORKER TIMEOUT (pid:71444)
[2015-11-06 02:33:10 -0800] [70863] [CRITICAL] WORKER TIMEOUT (pid:71453)
[2015-11-06 02:33:10 -0800] [70863] [CRITICAL] WORKER TIMEOUT (pid:71454)
[2015-11-06 02:33:10 -0800] [70863] [CRITICAL] WORKER TIMEOUT (pid:71455)
[2015-11-06 02:35:41 -0800] [70863] [CRITICAL] WORKER TIMEOUT (pid:71463)
[2015-11-06 02:35:41 -0800] [70863] [CRITICAL] WORKER TIMEOUT (pid:71464)
[2015-11-06 02:35:41 -0800] [70863] [CRITICAL] WORKER TIMEOUT (pid:71465)
[2015-11-06 02:38:10 -0800] [70863] [CRITICAL] WORKER TIMEOUT (pid:71472)
[2015-11-06 02:38:10 -0800] [70863] [CRITICAL] WORKER TIMEOUT (pid:71473)
[2015-11-06 02:38:10 -0800] [70863] [CRITICAL] WORKER TIMEOUT (pid:71474)
[2015-11-06 02:40:40 -0800] [70863] [CRITICAL] WORKER TIMEOUT (pid:71480)
[2015-11-06 02:40:40 -0800] [70863] [CRITICAL] WORKER TIMEOUT (pid:71481)
[2015-11-06 02:40:40 -0800] [70863] [CRITICAL] WORKER TIMEOUT (pid:71482)
[2015-11-06 02:43:10 -0800] [70863] [CRITICAL] WORKER TIMEOUT (pid:71488)
[2015-11-06 02:43:10 -0800] [70863] [CRITICAL] WORKER TIMEOUT (pid:71489)
[2015-11-06 02:43:10 -0800] [70863] [CRITICAL] WORKER TIMEOUT (pid:71490)
[2015-11-06 02:45:40 -0800] [70863] [CRITICAL] WORKER TIMEOUT (pid:71496)
[2015-11-06 02:45:40 -0800] [70863] [CRITICAL] WORKER TIMEOUT (pid:71497)
[2015-11-06 02:45:40 -0800] [70863] [CRITICAL] WORKER TIMEOUT (pid:71498)
[2015-11-06 02:48:10 -0800] [70863] [CRITICAL] WORKER TIMEOUT (pid:71504)
[2015-11-06 02:48:10 -0800] [70863] [CRITICAL] WORKER TIMEOUT (pid:71505)
[2015-11-06 02:48:10 -0800] [70863] [CRITICAL] WORKER TIMEOUT (pid:71506)
[2015-11-06 02:50:41 -0800] [70863] [CRITICAL] WORKER TIMEOUT (pid:71520)
[2015-11-06 02:50:41 -0800] [70863] [CRITICAL] WORKER TIMEOUT (pid:71521)
[2015-11-06 02:50:41 -0800] [70863] [CRITICAL] WORKER TIMEOUT (pid:71519)
[2015-11-06 02:53:11 -0800] [70863] [CRITICAL] WORKER TIMEOUT (pid:71528)
[2015-11-06 02:53:11 -0800] [70863] [CRITICAL] WORKER TIMEOUT (pid:71529)
[2015-11-06 02:53:11 -0800] [70863] [CRITICAL] WORKER TIMEOUT (pid:71530)
[2015-11-06 02:55:40 -0800] [70863] [CRITICAL] WORKER TIMEOUT (pid:71536)
[2015-11-06 02:55:40 -0800] [70863] [CRITICAL] WORKER TIMEOUT (pid:71537)
[2015-11-06 02:55:40 -0800] [70863] [CRITICAL] WORKER TIMEOUT (pid:71538)
[2015-11-06 02:58:10 -0800] [70863] [CRITICAL] WORKER TIMEOUT (pid:71542)
[2015-11-06 02:58:10 -0800] [70863] [CRITICAL] WORKER TIMEOUT (pid:71543)
[2015-11-06 02:58:10 -0800] [70863] [CRITICAL] WORKER TIMEOUT (pid:71544)
[2015-11-06 03:00:40 -0800] [70863] [CRITICAL] WORKER TIMEOUT (pid:71552)
[2015-11-06 03:00:40 -0800] [70863] [CRITICAL] WORKER TIMEOUT (pid:71550)
[2015-11-06 03:00:40 -0800] [70863] [CRITICAL] WORKER TIMEOUT (pid:71551)
[2015-11-06 03:03:09 -0800] [70863] [CRITICAL] WORKER TIMEOUT (pid:71556)
[2015-11-06 03:03:09 -0800] [70863] [CRITICAL] WORKER TIMEOUT (pid:71557)
[2015-11-06 03:03:09 -0800] [70863] [CRITICAL] WORKER TIMEOUT (pid:71558)
[2015-11-06 03:05:40 -0800] [70863] [CRITICAL] WORKER TIMEOUT (pid:71590)
[2015-11-06 03:05:40 -0800] [70863] [CRITICAL] WORKER TIMEOUT (pid:71591)
[2015-11-06 03:05:40 -0800] [70863] [CRITICAL] WORKER TIMEOUT (pid:71589)
[2015-11-06 03:08:09 -0800] [70863] [CRITICAL] WORKER TIMEOUT (pid:71624)
[2015-11-06 03:08:09 -0800] [70863] [CRITICAL] WORKER TIMEOUT (pid:71625)
[2015-11-06 03:08:09 -0800] [70863] [CRITICAL] WORKER TIMEOUT (pid:71626)
[2015-11-06 03:10:39 -0800] [70863] [CRITICAL] WORKER TIMEOUT (pid:71629)
[2015-11-06 03:10:39 -0800] [70863] [CRITICAL] WORKER TIMEOUT (pid:71630)
[2015-11-06 03:10:39 -0800] [70863] [CRITICAL] WORKER TIMEOUT (pid:71631)
[2015-11-06 03:13:10 -0800] [70863] [CRITICAL] WORKER TIMEOUT (pid:71637)
[2015-11-06 03:13:10 -0800] [70863] [CRITICAL] WORKER TIMEOUT (pid:71638)
[2015-11-06 03:13:10 -0800] [70863] [CRITICAL] WORKER TIMEOUT (pid:71639)
[2015-11-06 03:15:39 -0800] [70863] [CRITICAL] WORKER TIMEOUT (pid:71648)
[2015-11-06 03:15:39 -0800] [70863] [CRITICAL] WORKER TIMEOUT (pid:71649)
[2015-11-06 03:15:39 -0800] [70863] [CRITICAL] WORKER TIMEOUT (pid:71647)
[2015-11-06 03:18:07 -0800] [70863] [CRITICAL] WORKER TIMEOUT (pid:71657)
[2015-11-06 03:18:07 -0800] [70863] [CRITICAL] WORKER TIMEOUT (pid:71658)
[2015-11-06 03:18:07 -0800] [70863] [CRITICAL] WORKER TIMEOUT (pid:71659)
[2015-11-06 03:20:36 -0800] [70863] [CRITICAL] WORKER TIMEOUT (pid:71669)
[2015-11-06 03:20:36 -0800] [70863] [CRITICAL] WORKER TIMEOUT (pid:71670)
[2015-11-06 03:20:36 -0800] [70863] [CRITICAL] WORKER TIMEOUT (pid:71671)
[2015-11-06 03:23:06 -0800] [70863] [CRITICAL] WORKER TIMEOUT (pid:71680)
[2015-11-06 03:23:06 -0800] [70863] [CRITICAL] WORKER TIMEOUT (pid:71678)
[2015-11-06 03:23:06 -0800] [70863] [CRITICAL] WORKER TIMEOUT (pid:71679)
[2015-11-06 03:25:34 -0800] [70863] [CRITICAL] WORKER TIMEOUT (pid:71689)
[2015-11-06 03:25:34 -0800] [70863] [CRITICAL] WORKER TIMEOUT (pid:71690)
[2015-11-06 03:25:34 -0800] [70863] [CRITICAL] WORKER TIMEOUT (pid:71691)
[2015-11-06 03:28:04 -0800] [70863] [CRITICAL] WORKER TIMEOUT (pid:71699)
[2015-11-06 03:28:04 -0800] [70863] [CRITICAL] WORKER TIMEOUT (pid:71700)
[2015-11-06 03:28:04 -0800] [70863] [CRITICAL] WORKER TIMEOUT (pid:71701)
[2015-11-06 03:30:33 -0800] [70863] [CRITICAL] WORKER TIMEOUT (pid:71707)
[2015-11-06 03:30:33 -0800] [70863] [CRITICAL] WORKER TIMEOUT (pid:71708)
[2015-11-06 03:30:33 -0800] [70863] [CRITICAL] WORKER TIMEOUT (pid:71709)
[2015-11-06 03:33:02 -0800] [70863] [CRITICAL] WORKER TIMEOUT (pid:71716)
[2015-11-06 03:33:02 -0800] [70863] [CRITICAL] WORKER TIMEOUT (pid:71717)
[2015-11-06 03:33:02 -0800] [70863] [CRITICAL] WORKER TIMEOUT (pid:71718)
[2015-11-06 03:35:32 -0800] [70863] [CRITICAL] WORKER TIMEOUT (pid:71725)
[2015-11-06 03:35:32 -0800] [70863] [CRITICAL] WORKER TIMEOUT (pid:71726)
[2015-11-06 03:35:32 -0800] [70863] [CRITICAL] WORKER TIMEOUT (pid:71727)
[2015-11-06 03:41:42 -0800] [70863] [CRITICAL] WORKER TIMEOUT (pid:71744)
[2015-11-06 03:41:42 -0800] [70863] [CRITICAL] WORKER TIMEOUT (pid:71736)
[2015-11-06 03:41:42 -0800] [70863] [CRITICAL] WORKER TIMEOUT (pid:71742)
[2015-11-06 07:57:45 -0800] [70863] [CRITICAL] WORKER TIMEOUT (pid:71776)
[2015-11-06 07:57:45 -0800] [70863] [CRITICAL] WORKER TIMEOUT (pid:71777)
[2015-11-06 07:57:45 -0800] [70863] [CRITICAL] WORKER TIMEOUT (pid:71775)
[2015-11-06 07:58:15 -0800] [70863] [CRITICAL] WORKER TIMEOUT (pid:72337)
[2015-11-06 07:58:15 -0800] [70863] [CRITICAL] WORKER TIMEOUT (pid:72338)
[2015-11-06 07:58:15 -0800] [70863] [CRITICAL] WORKER TIMEOUT (pid:72339)
[2015-11-06 11:31:32 -0800] [70863] [CRITICAL] WORKER TIMEOUT (pid:72343)
[2015-11-06 11:31:32 -0800] [70863] [CRITICAL] WORKER TIMEOUT (pid:72345)
[2015-11-06 11:31:32 -0800] [70863] [CRITICAL] WORKER TIMEOUT (pid:72346)
[2015-11-06 15:26:10 -0800] [70863] [CRITICAL] WORKER TIMEOUT (pid:72816)
[2015-11-06 15:26:10 -0800] [70863] [CRITICAL] WORKER TIMEOUT (pid:72819)
[2015-11-06 15:26:10 -0800] [70863] [CRITICAL] WORKER TIMEOUT (pid:72820)
[2015-11-06 15:26:40 -0800] [70863] [CRITICAL] WORKER TIMEOUT (pid:73236)
[2015-11-06 15:26:40 -0800] [70863] [CRITICAL] WORKER TIMEOUT (pid:73237)
[2015-11-06 15:26:40 -0800] [70863] [CRITICAL] WORKER TIMEOUT (pid:73238)
[2015-11-06 19:20:51 -0800] [70863] [CRITICAL] WORKER TIMEOUT (pid:73242)
[2015-11-06 19:20:51 -0800] [70863] [CRITICAL] WORKER TIMEOUT (pid:73243)
[2015-11-06 19:20:51 -0800] [70863] [CRITICAL] WORKER TIMEOUT (pid:73244)
